[0.016s] Invoking command in '/home/beka/ros2_foxy/src/more_interfaces/build/more_interfaces': CMAKE_PREFIX_PATH=/opt/ros/humble /usr/bin/cmake /home/beka/ros2_foxy/src/more_interfaces -DCMAKE_INSTALL_PREFIX=/home/beka/ros2_foxy/src/more_interfaces/install/more_interfaces
[0.063s] -- The C compiler identification is GNU 11.2.0
[0.108s] -- The CXX compiler identification is GNU 11.2.0
[0.114s] -- Detecting C compiler ABI info
[0.177s] -- Detecting C compiler ABI info - done
[0.182s] -- Check for working C compiler: /usr/bin/cc - skipped
[0.182s] -- Detecting C compile features
[0.183s] -- Detecting C compile features - done
[0.185s] -- Detecting CXX compiler ABI info
[0.265s] -- Detecting CXX compiler ABI info - done
[0.271s] -- Check for working CXX compiler: /usr/bin/c++ - skipped
[0.271s] -- Detecting CXX compile features
[0.272s] -- Detecting CXX compile features - done
[0.274s] -- Found ament_cmake: 1.3.2 (/opt/ros/humble/share/ament_cmake/cmake)
[0.419s] -- Found Python3: /usr/bin/python3.10 (found version "3.10.6") found components: Interpreter 
[0.484s] -- Found ament_lint_auto: 0.12.4 (/opt/ros/humble/share/ament_lint_auto/cmake)
[0.540s] [31mCMake Error at CMakeLists.txt:25 (rosidl_generate_interfaces):
[0.540s]   Unknown CMake command "rosidl_generate_interfaces".
[0.540s] 
[0.540s] [0m
[0.541s] -- Configuring incomplete, errors occurred!
[0.541s] See also "/home/beka/ros2_foxy/src/more_interfaces/build/more_interfaces/CMakeFiles/CMakeOutput.log".
[0.546s] Invoked command in '/home/beka/ros2_foxy/src/more_interfaces/build/more_interfaces' returned '1': CMAKE_PREFIX_PATH=/opt/ros/humble /usr/bin/cmake /home/beka/ros2_foxy/src/more_interfaces -DCMAKE_INSTALL_PREFIX=/home/beka/ros2_foxy/src/more_interfaces/install/more_interfaces
